<?xml version="1.0" encoding="UTF-8"?>
<!-- Generated by org.testng.reporters.JUnitReportReporter -->
<testsuite skipped="0" hostname="jyoti" name="script.SignInTest" tests="1" failures="0" timestamp="02 Apr 2018 16:51:27 GMT" time="26.728" errors="0">
  <testcase name="testInvalidSignIn" time="26.728" classname="script.SignInTest"/>
</testsuite> <!-- script.SignInTest -->
