<?xml version="1.0" encoding="UTF-8"?>
<!-- Generated by org.testng.reporters.JUnitReportReporter -->
<testsuite skipped="0" hostname="jyoti" name="script.HotelBookingTest" tests="1" failures="0" timestamp="02 Apr 2018 16:54:04 GMT" time="21.766" errors="0">
  <testcase name="testHotelBooking" time="21.766" classname="script.HotelBookingTest"/>
</testsuite> <!-- script.HotelBookingTest -->
